<?xml version="1.0" encoding="UTF-8"?>
<!-- Generated by org.testng.reporters.JUnitReportReporter -->
<testsuite hostname="DESKTOP-8RQD3QV" failures="0" tests="4" name="HotelSearchTest.BookingHotelTestCases" time="21.129" errors="0" timestamp="2024-03-23T03:17:17 EET" skipped="0">
  <testcase classname="HotelSearchTest.BookingHotelTestCases" name="RandomlySelectCitys" time="0.930"/>
  <system-out/>
  <testcase classname="HotelSearchTest.BookingHotelTestCases" name="RandomlySelectNumberOfVisitor" time="6.860"/>
  <system-out/>
  <testcase classname="HotelSearchTest.BookingHotelTestCases" name="PageFullyCompleted" time="12.068"/>
  <system-out/>
  <testcase classname="HotelSearchTest.BookingHotelTestCases" name="SortPricesFromLowToHigh" time="1.271"/>
  <system-out/>
</testsuite> <!-- HotelSearchTest.BookingHotelTestCases -->
