<?xml version="1.0" encoding="UTF-8"?>
<!-- Generated by org.testng.reporters.JUnitReportReporter -->
<testsuite hostname="DESKTOP-8RQD3QV" failures="0" tests="7" name="HomePage.HomePageTestCases" time="0.271" errors="0" timestamp="2024-03-19T03:35:56 EET" skipped="0">
  <testcase classname="HomePage.HomePageTestCases" name="CheckTheDefultLanguage" time="0.042"/>
  <system-out/>
  <testcase classname="HomePage.HomePageTestCases" name="CheckTheDefultCurrency" time="0.045"/>
  <system-out/>
  <testcase classname="HomePage.HomePageTestCases" name="CheckTheContactNumber" time="0.037"/>
  <system-out/>
  <testcase classname="HomePage.HomePageTestCases" name="VerifyQatafLogoIsDisplay" time="0.049"/>
  <system-out/>
  <testcase classname="HomePage.HomePageTestCases" name="CheckTheHotelTapIsNotSelected" time="0.032"/>
  <system-out/>
  <testcase classname="HomePage.HomePageTestCases" name="CheckFlightDepartureDate" time="0.031"/>
  <system-out/>
  <testcase classname="HomePage.HomePageTestCases" name="CheckFlightReturnDate" time="0.035"/>
  <system-out/>
</testsuite> <!-- HomePage.HomePageTestCases -->
