<?xml version="1.0" encoding="UTF-8"?>
<!-- Generated by org.testng.reporters.JUnitReportReporter -->
<testsuite hostname="DESKTOP-8RQD3QV" failures="0" tests="2" name="HotelSearchTest.BookingHotelTestCases" time="2.139" errors="0" timestamp="2024-03-21T04:12:40 EET" skipped="0">
  <testcase classname="HotelSearchTest.BookingHotelTestCases" name="RandomlySelectCitys" time="1.783"/>
  <system-out/>
  <testcase classname="HotelSearchTest.BookingHotelTestCases" name="RandomlySelectNumberOfVisitor" time="0.356"/>
  <system-out/>
</testsuite> <!-- HotelSearchTest.BookingHotelTestCases -->
